1 ! Instrument State File. Date: 12-22-00  05:43:01 AM
2 ! Checksum = 41576. 
3 !*IDN HEWLETT-PACKARD,89410A,US39314338,A.08.23
4 !SYST:PRES 
5 !PAUS 
6 !INST VECT
7 !DDEM:FORM QPSK
8 !FREQ:EXT:BAND +3E+006HZ
9 !FREQ:EXT:CENT +5.6E+006HZ
10 !FREQ:EXT:COMM +0
11 !FREQ:EXT:COMM:ADDR +18
12 !FREQ:EXT:MAX +2.2E+010HZ
13 !FREQ:EXT:MIN +0E+000HZ
14 !FREQ:EXT:MIRR OFF
15 !ROUT:REC IF
16 !SWE1:POIN +401
17 !SWE2:POIN +401
18 !DEM1 OFF
19 !DEM2 OFF
20 !DEM1:CARR:AUTO +1
21 !DEM2:CARR:AUTO +1
22 !DEM1:CARR:AUTO:PM PAFR
23 !DEM2:CARR:AUTO:PM PAFR
24 !DDEM:SRAT +2.43E+004HZ
25 !FREQ:STAR +1E+000HZ
26 !FREQ:STOP +1E+002HZ
27 !FREQ:BAS +0
28 !WIND HANN
29 !WIND:GATE HANN
30 !WIND:GATE:COUP OFF
31 !SWE1:TIME +4.04040404040404E+000S
32 !SWE2:TIME +4.04040404040404E+000S
33 !SWE1:TIME:DEL +0E+000S
34 !SWE2:TIME:DEL +0E+000S
35 !SWE1:TIME:GATE:DEL:STEP +0E+000S
36 !SWE2:TIME:GATE:DEL:STEP +0E+000S
37 !BAND:MODE:ARB +1
38 !BAND +3.7125E-001HZ
39 !BAND:AUTO:OFFS +0
40 !SWE1:TIME:RES:AUTO +0
41 !SWE2:TIME:RES:AUTO +0
42 !BAND:AUTO ON
43 !DDEM:SEAR:TIME +6.70781893004115E-003S
44 !DDEM:TIME +1.63E+002SYM
45 !DDEM:PRAT +10
46 !DDEM:SEAR:SYNC:OFFS +0SYM
47 !ARM:DEL +0E+000S
48 !ARM:LEV +0E+000V
49 !CORR1:LOSS:MAGN +1E+000
50 !CORR2:LOSS:MAGN +1E+000
51 !CORR1:IMP +1E+006OHM
52 !CORR2:IMP +1E+006OHM
53 !INP1 +0
54 !INP2 +1
55 !INP1:IMP +1E+006OHM
56 !INP2:IMP +1E+006OHM
57 !INP1:FILT +1
58 !INP2:FILT +1
59 !INP1:COUP DC
60 !INP2:COUP DC
61 !VOLT1:RANG +7.071E-003VRMS
62 !VOLT2:RANG -3.90102999566398E+001DBM
63 !VOLT1:RANG:UNIT:VOLT VRMS
64 !VOLT2:RANG:UNIT:VOLT DBM
65 !ARM:REG ABOV
66 !ARM:SOUR IMM
67 !CALC1:MATH:SEL F1
68 !CALC2:MATH:SEL F2
69 !CALC3:MATH:SEL F3
70 !CALC4:MATH:SEL F4
71 !CALC1:MATH:STAT +0
72 !CALC2:MATH:STAT +0
73 !CALC3:MATH:STAT +0
74 !CALC4:MATH:STAT +0
75 !CALC1:FEED "XFR:POW:PSD 2"
76 !CALC2:FEED "D1"
77 !CALC3:FEED "D2"
78 !CALC4:FEED "D3"
79 !CALC1:FORM MLOG
80 !CALC2:FORM MLOG
81 !CALC3:FORM MLOG
82 !CALC4:FORM MLOG
83 !CALC1:GDAP:APER +5E-001PCT
84 !CALC2:GDAP:APER +5E-001PCT
85 !CALC3:GDAP:APER +5E-001PCT
86 !CALC4:GDAP:APER +5E-001PCT
87 !CALC1:MARK:BAND:STAR +4.5E+006HZ
88 !CALC2:MARK:BAND:STAR +4.5E+006HZ
89 !CALC3:MARK:BAND:STAR +4.5E+006HZ
90 !CALC4:MARK:BAND:STAR +4.5E+006HZ
91 !CALC1:MARK:BAND:STOP +5.5E+006HZ
92 !CALC2:MARK:BAND:STOP +5.5E+006HZ
93 !CALC3:MARK:BAND:STOP +5.5E+006HZ
94 !CALC4:MARK:BAND:STOP +5.5E+006HZ
95 !CALC1:MARK:COUP +0
96 !CALC2:MARK:COUP +0
97 !CALC3:MARK:COUP +0
98 !CALC4:MARK:COUP +0
99 !CALC1:MARK:FCO +0
100 !CALC2:MARK:FCO +0
101 !CALC3:MARK:FCO +0
102 !CALC4:MARK:FCO +0
103 !CALC1:MARK:FUNC OFF
104 !CALC2:MARK:FUNC OFF
105 !CALC3:MARK:FUNC OFF
106 !CALC4:MARK:FUNC OFF
107 !CALC1:MARK:FUNC:STAT OFF
108 !CALC2:MARK:FUNC:STAT OFF
109 !CALC3:MARK:FUNC:STAT OFF
110 !CALC4:MARK:FUNC:STAT OFF
111 !CALC1:MARK:FUNC:STAT:PPCT +9.99899978637695E+001PCT
112 !CALC2:MARK:FUNC:STAT:PPCT +9.99899978637695E+001PCT
113 !CALC3:MARK:FUNC:STAT:PPCT +9.99899978637695E+001PCT
114 !CALC4:MARK:FUNC:STAT:PPCT +9.99899978637695E+001PCT
115 !CALC1:MARK:OFFS +0
116 !CALC2:MARK:OFFS +0
117 !CALC3:MARK:OFFS +0
118 !CALC4:MARK:OFFS +0
119 !CALC1:MARK:OFFS:X +0E+000HZ
120 !CALC2:MARK:OFFS:X +1E+002HZ
121 !CALC3:MARK:OFFS:X +1E+001HZ
122 !CALC4:MARK:OFFS:X +1E+001HZ
123 !CALC1:MARK:OFFS:Y +3.16227766016838E+001VRMS/RTHZ
124 !CALC2:MARK:OFFS:Y +3.16227766016838E+001VRMS/RTHZ
125 !CALC3:MARK:OFFS:Y +0E+000DB
126 !CALC4:MARK:OFFS:Y +0E+000DB
127 !CALC1:MARK:OFFS:Z +0E+000S
128 !CALC2:MARK:OFFS:Z +0E+000S
129 !CALC3:MARK:OFFS:Z +0E+000S
130 !CALC4:MARK:OFFS:Z +0E+000S
131 !CALC1:MARK:POL:UNIT:POW V
132 !CALC2:MARK:POL:UNIT:POW V
133 !CALC3:MARK:POL:UNIT:POW V
134 !CALC4:MARK:POL:UNIT:POW V
135 !CALC1:MARK:READ MPH
136 !CALC2:MARK:READ MPH
137 !CALC3:MARK:READ MPH
138 !CALC4:MARK:READ MPH
139 !CALC1:MARK:SEAR:BUFF OFF
140 !CALC2:MARK:SEAR:BUFF OFF
141 !CALC3:MARK:SEAR:BUFF OFF
142 !CALC4:MARK:SEAR:BUFF OFF
143 !CALC1:MARK:SEAR:TARG +3.16227766016838E+001VRMS/RTHZ
144 !CALC2:MARK:SEAR:TARG +3.16227766016838E+001VRMS/RTHZ
145 !CALC3:MARK:SEAR:TARG -3E+000DB
146 !CALC4:MARK:SEAR:TARG -3E+000DB
147 !CALC1:MARK +1
148 !CALC2:MARK +1
149 !CALC3:MARK +1
150 !CALC4:MARK +1
151 !CALC1:MARK:TRAC +0
152 !CALC2:MARK:TRAC +0
153 !CALC3:MARK:TRAC +0
154 !CALC4:MARK:TRAC +0
155 !CALC1:MARK:X +9.08425E+001HZ
156 !CALC2:MARK:X +1E+002HZ
157 !CALC3:MARK:X +3.78775E+002HZ
158 !CALC4:MARK:X +3.78775E+002HZ
159 !CALC1:MARK:MAX:TRAC +0
160 !CALC2:MARK:MAX:TRAC +0
161 !CALC3:MARK:MAX:TRAC +0
162 !CALC4:MARK:MAX:TRAC +0
163 !CALC1:MARK:Z +6E+001
164 !CALC2:MARK:Z +6E+001
165 !CALC3:MARK:Z +6E+001
166 !CALC4:MARK:Z +6E+001
167 !CALC1:MARK:Z:UNIT UNITLESS
168 !CALC2:MARK:Z:UNIT UNITLESS
169 !CALC3:MARK:Z:UNIT UNITLESS
170 !CALC4:MARK:Z:UNIT UNITLESS
171 !CALC1:STAT +1
172 !CALC2:STAT +1
173 !CALC3:STAT +1
174 !CALC4:STAT +1
175 !CALC1:UNIT:POW VRMS/RTHZ
176 !CALC2:UNIT:POW VRMS/RTHZ
177 !CALC3:UNIT:POW DB
178 !CALC4:UNIT:POW DB
179 !CALC1:UPH:CREF +0E+000HZ
180 !CALC2:UPH:CREF +0E+000HZ
181 !CALC3:UPH:CREF +0E+000HZ
182 !CALC4:UPH:CREF +0E+000HZ
183 !CALC1:UPH:OFFS +0E+000DEG
184 !CALC2:UPH:OFFS +0E+000DEG
185 !CALC3:UPH:OFFS +0E+000DEG
186 !CALC4:UPH:OFFS +0E+000DEG
187 !CALC1:X:UNIT:FREQ HZ
188 !CALC2:X:UNIT:FREQ HZ
189 !CALC3:X:UNIT:FREQ HZ
190 !CALC4:X:UNIT:FREQ HZ
191 !DISP:ANN +1
192 !DISP:ENAB +1
193 !DISP:FORM SING
194 !DISP:MFUN +0
195 !DISP:PROG OFF
196 !DISP:TCAP:ENV +1
197 !DISP:WIND1:ACT +1
198 !DISP:WIND2:ACT +0
199 !DISP:WIND3:ACT +0
200 !DISP:WIND4:ACT +0
201 !DISP:WIND1:ACT +1
202 !DISP:WIND2:ACT +0
203 !DISP:WIND3:ACT +0
204 !DISP:WIND4:ACT +0
205 !DISP:WIND1:SPEC:COL +64
206 !DISP:WIND2:SPEC:COL +64
207 !DISP:WIND3:SPEC:COL +64
208 !DISP:WIND4:SPEC:COL +64
209 !DISP:WIND1:SPEC:ENH +50PCT
210 !DISP:WIND2:SPEC:ENH +50PCT
211 !DISP:WIND3:SPEC:ENH +50PCT
212 !DISP:WIND4:SPEC:ENH +50PCT
213 !DISP:WIND1:SPEC:MAP COL
214 !DISP:WIND2:SPEC:MAP COL
215 !DISP:WIND3:SPEC:MAP COL
216 !DISP:WIND4:SPEC:MAP COL
217 !DISP:WIND1:SPEC +0
218 !DISP:WIND2:SPEC +0
219 !DISP:WIND3:SPEC +0
220 !DISP:WIND4:SPEC +0
221 !DISP:WIND1:SPEC:THR +0PCT
222 !DISP:WIND2:SPEC:THR +0PCT
223 !DISP:WIND3:SPEC:THR +0PCT
224 !DISP:WIND4:SPEC:THR +0PCT
225 !DISP:WIND1:TRAC:BUFF +60
226 !DISP:WIND2:TRAC:BUFF +60
227 !DISP:WIND3:TRAC:BUFF +60
228 !DISP:WIND4:TRAC:BUFF +60
229 !DISP:WIND1:TRAC:DCAR +0
230 !DISP:WIND2:TRAC:DCAR +0
231 !DISP:WIND3:TRAC:DCAR +0
232 !DISP:WIND4:TRAC:DCAR +0
233 !DISP:WIND1:TRAC:EYE:COUN +2
234 !DISP:WIND2:TRAC:EYE:COUN +2
235 !DISP:WIND3:TRAC:EYE:COUN +2
236 !DISP:WIND4:TRAC:EYE:COUN +2
237 !DISP:WIND1:TRAC:GRAT:GRID +1
238 !DISP:WIND2:TRAC:GRAT:GRID +1
239 !DISP:WIND3:TRAC:GRAT:GRID +1
240 !DISP:WIND4:TRAC:GRAT:GRID +1
241 !DISP:WIND1:TRAC:IND CROS
242 !DISP:WIND2:TRAC:IND CROS
243 !DISP:WIND3:TRAC:IND CROS
244 !DISP:WIND4:TRAC:IND CROS
245 !DISP:WIND1:TRAC:IND:SIZE +15
246 !DISP:WIND2:TRAC:IND:SIZE +15
247 !DISP:WIND3:TRAC:IND:SIZE +15
248 !DISP:WIND4:TRAC:IND:SIZE +15
249 !DISP:WIND1:TRAC:INFO ""
250 !DISP:WIND2:TRAC:INFO ""
251 !DISP:WIND3:TRAC:INFO ""
252 !DISP:WIND4:TRAC:INFO ""
253 !DISP:WIND1:TRAC:LAB:USER "NOISE"
254 !DISP:WIND2:TRAC:LAB:USER ""
255 !DISP:WIND3:TRAC:LAB:USER ""
256 !DISP:WIND4:TRAC:LAB:USER ""
257 !DISP:WIND1:TRAC:LAB:AUTO +0
258 !DISP:WIND2:TRAC:LAB:AUTO +1
259 !DISP:WIND3:TRAC:LAB:AUTO +1
260 !DISP:WIND4:TRAC:LAB:AUTO +1
261 !DISP:WIND1:TRAC +1
262 !DISP:WIND2:TRAC +0
263 !DISP:WIND3:TRAC +0
264 !DISP:WIND4:TRAC +0
265 !DISP:WIND1:TRAC:SYMB DOTS
266 !DISP:WIND2:TRAC:SYMB BARS
267 !DISP:WIND3:TRAC:SYMB OFF
268 !DISP:WIND4:TRAC:SYMB OFF
269 !DISP:WIND1:TRAC:SYMB:FORM BIN
270 !DISP:WIND2:TRAC:SYMB:FORM BIN
271 !DISP:WIND3:TRAC:SYMB:FORM BIN
272 !DISP:WIND4:TRAC:SYMB:FORM BIN
273 !DISP:WIND1:TRAC:X:LEFT +2.5E+006HZ
274 !DISP:WIND2:TRAC:X:LEFT +2.5E+006HZ
275 !DISP:WIND3:TRAC:X:LEFT +2.5E+006HZ
276 !DISP:WIND4:TRAC:X:LEFT +2.5E+006HZ
277 !DISP:WIND1:TRAC:X:RIGH +7.5E+006HZ
278 !DISP:WIND2:TRAC:X:RIGH +7.5E+006HZ
279 !DISP:WIND3:TRAC:X:RIGH +7.5E+006HZ
280 !DISP:WIND4:TRAC:X:RIGH +7.5E+006HZ
281 !DISP:WIND1:TRAC:X:RLEV +1.77827941003892E-003VRMS/RTHZ
282 !DISP:WIND2:TRAC:X:RLEV +1.77827941003892E-003VRMS/RTHZ
283 !DISP:WIND3:TRAC:X:RLEV +5E+001DB
284 !DISP:WIND4:TRAC:X:RLEV +5E+001DB
285 !DISP:WIND1:TRAC:X:SPAC LOG
286 !DISP:WIND2:TRAC:X:SPAC LOG
287 !DISP:WIND3:TRAC:X:SPAC LOG
288 !DISP:WIND4:TRAC:X:SPAC LOG
289 !DISP:WIND1:TRAC:Y:RLIN +0
290 !DISP:WIND2:TRAC:Y:RLIN +0
291 !DISP:WIND3:TRAC:Y:RLIN +0
292 !DISP:WIND4:TRAC:Y:RLIN +0
293 !DISP:WIND1:TRAC:X:AUTO +1
294 !DISP:WIND2:TRAC:X:AUTO +1
295 !DISP:WIND3:TRAC:X:AUTO +1
296 !DISP:WIND4:TRAC:X:AUTO +1
297 !DISP:WIND1:TRAC:Y:AUTO +0
298 !DISP:WIND2:TRAC:Y:AUTO +0
299 !DISP:WIND3:TRAC:Y:AUTO +0
300 !DISP:WIND4:TRAC:Y:AUTO +0
301 !DISP:WIND1:TRAC:Y:PDIV +5E+000DB
302 !DISP:WIND2:TRAC:Y:PDIV +5E+000DB
303 !DISP:WIND3:TRAC:Y:PDIV +1E+001DB
304 !DISP:WIND4:TRAC:Y:PDIV +5E+000DB
305 !DISP:WIND1:TRAC:Y:RLEV +1.77827941003892E-003VRMS/RTHZ
306 !DISP:WIND2:TRAC:Y:RLEV +1.77827941003892E-003VRMS/RTHZ
307 !DISP:WIND3:TRAC:Y:RLEV +5E+001DB
308 !DISP:WIND4:TRAC:Y:RLEV +5E+001DB
309 !DISP:WIND1:TRAC:Y:RLEV:AUTO +0
310 !DISP:WIND2:TRAC:Y:RLEV:AUTO +0
311 !DISP:WIND3:TRAC:Y:RLEV:AUTO +0
312 !DISP:WIND4:TRAC:Y:RLEV:AUTO +0
313 !DISP:WIND1:TRAC:Y:RPOS +1E+002PCT
314 !DISP:WIND2:TRAC:Y:RPOS +1E+002PCT
315 !DISP:WIND3:TRAC:Y:RPOS +1E+002PCT
316 !DISP:WIND4:TRAC:Y:RPOS +1E+002PCT
317 !DISP:WIND1:WAT:AZIM +0PIXELS
318 !DISP:WIND2:WAT:AZIM +0PIXELS
319 !DISP:WIND3:WAT:AZIM +0PIXELS
320 !DISP:WIND4:WAT:AZIM +0PIXELS
321 !DISP:WIND1:WAT:BLIN +0
322 !DISP:WIND2:WAT:BLIN +0
323 !DISP:WIND3:WAT:BLIN +0
324 !DISP:WIND4:WAT:BLIN +0
325 !DISP:WIND1:WAT:ELEV +10PIXELS
326 !DISP:WIND2:WAT:ELEV +10PIXELS
327 !DISP:WIND3:WAT:ELEV +10PIXELS
328 !DISP:WIND4:WAT:ELEV +10PIXELS
329 !DISP:WIND1:WAT:HEIG +40PIXELS
330 !DISP:WIND2:WAT:HEIG +40PIXELS
331 !DISP:WIND3:WAT:HEIG +40PIXELS
332 !DISP:WIND4:WAT:HEIG +40PIXELS
333 !DISP:WIND1:WAT:HLIN +0
334 !DISP:WIND2:WAT:HLIN +0
335 !DISP:WIND3:WAT:HLIN +0
336 !DISP:WIND4:WAT:HLIN +0
337 !DISP:WIND1:WAT +0
338 !DISP:WIND2:WAT +0
339 !DISP:WIND3:WAT +0
340 !DISP:WIND4:WAT +0
341 !DISP:WIND1:WAT:THR +0PCT
342 !DISP:WIND2:WAT:THR +0PCT
343 !DISP:WIND3:WAT:THR +0PCT
344 !DISP:WIND4:WAT:THR +0PCT
345 !OUTP:FILT +0
346 !OUTP:IMP +5E+001
347 !OUTP +0
348 !AVER:COUN +1000
349 !AVER:IRES:RATE +1
350 !AVER:IRES +1
351 !AVER +1
352 !AVER:TCON EXP
353 !AVER:TYPE RMS
354 !CORR1:EDEL +0E+000S
355 !CORR2:EDEL +0E+000S
356 !CORR1:EXT +0
357 !CORR2:EXT +0
358 !CORR1:FILT:XTIM:STAT +0
359 !CORR2:FILT:XTIM:STAT +0
360 !CORR1:OFFS +0E+000V
361 !CORR2:OFFS +0E+000V
362 !DDEM:ADAP +1
363 !DDEM:CLOC +0E+000SYM
364 !DDEM:CNVR +1E-007
365 !DDEM:CRAT +3.84E+006HZ
366 !DDEM:DVBQ:NST +16
367 !DDEM:EDGE:FORM NOFL
368 !DDEM:EQFL +2.1E+001SYM
369 !DDEM:EQU +0
370 !DDEM:FILT:ALPH +3.5E-001
371 !DDEM:FILT:MEAS RRC
372 !DDEM:FILT:MEAS:USER:FEED "D1"
373 !DDEM:FILT:REF RCOS
374 !DDEM:FILT:REF:USER:FEED "D1"
375 !DDEM:FREQ:MIRR +0
376 !DDEM:FSK:NST +2
377 !DDEM:LCOD +1
378 !DDEM:LCOD:GRO +2
379 !DDEM:LCOD:MODE CODE
380 !DDEM:MLEN +9.375E-003S
381 !DDEM:TIME:GATE +6.25E-004S
382 !DDEM:TIME:GATE:DEL +0E+000S
383 !DDEM:TIME:GATE:STAT +0
384 !DDEM:MSK:FORM TYP1
385 !DDEM:NORM +1
386 !DDEM:PSK:NST +2
387 !DDEM:QAM:NST +16
388 !DDEM:QPSK:FORM DPI4
389 !DDEM:SEAR:PULS:STAT +0
390 !DDEM:SEAR:SYNC:PATT ""
391 !DDEM:SEAR:SYNC:STAT +0
392 !DDEM:SEL BASE
393 !DDEM:TIME:CLAY +16000
394 !DDEM:TIME:CCH +0
395 !DDEM:VSB:NST +8
396 !DDEM:WCDM:FILT:ALPH +2.2E-001
397 !DET SAMP
398 !FEED "INP"
399 !FREQ:CENT:TRAC OFF
400 !FREQ:MAN +5E+006HZ
401 !FREQ:SPAN:PCH EXAC
402 !FREQ:STEP:AUTO +1,
403 !FREQ:STEP +1E+003HZ
404 !SWE1:MODE AUTO
405 !SWE2:MODE AUTO
406 !SWE1:OVER +1E+001PCT
407 !SWE2:OVER +1E+001PCT
408 !SWE1:TIME:GATE:DEL +0E+000S
409 !SWE2:TIME:GATE:DEL +0E+000S
410 !SWE1:TIME:GATE +5.5239898989899E-002S
411 !SWE2:TIME:GATE +5.5239898989899E-002S
412 !SWE1:TIME:GATE:STAT +0
413 !SWE2:TIME:GATE:STAT +0
414 !SWE1:TIME:OVER +9.8E+001PCT
415 !SWE2:TIME:OVER +9.8E+001PCT
416 !TCAP1:DIR FORW
417 !TCAP2:DIR FORW
418 !TCAP1:LENG +1.657193472E+004POINTS
419 !TCAP2:LENG +1.657193472E+004POINTS
420 !TCAP1:STAR +0E+000S
421 !TCAP2:STAR +0E+000S
422 !TCAP1:STOP +0E+000S
423 !TCAP2:STOP +0E+000S
424 !SOUR:RF +1
425 !SOUR:FREQ +2.7E+004HZ
426 !SOUR:FREQ:OFFS +0E+000HZ
427 !SOUR:FUNC PCH
428 !SOUR:FUNC:USER:FEED "D1"
429 !SOUR:USER:REP +1
430 !SOUR:VOLT -3.50000000000054E+001DBM
431 !SOUR:VOLT:OFFS +0E+000V
432 !SOUR:VOLT:UNIT:VOLT DBM
433 !TRIG:HOLD:DEL +0E+000S
434 !TRIG:HOLD:STAT +0
435 !TRIG:SOUR IMM
436 !TRIG:LEV +0E+000V
437 !TRIG:SLOP POS
438 !INIT:CONT +1
439 !CAL:ZERO:AUTO +1
440 !VOLT1:RANG:AUTO:DIR EITH
441 !VOLT2:RANG:AUTO:DIR EITH
442 !VOLT1:RANG:AUTO +0
443 !VOLT2:RANG:AUTO +0
444 !CAL:AUTO +1
445 !SYST:GPIB:ECHO +0
446 !CONT 
