1 ! Instrument State File. Date: 12-18-24  12:40:04 PM
2 ! Checksum = 27364. 
3 !*IDN HEWLETT-PACKARD,89410A,3416A02751,A.09.05
4 !SYST:PRES 
5 !PAUS 
6 !INST VECT
7 !DDEM:FORM QPSK
8 !FREQ:EXT:BAND +3E+006HZ
9 !FREQ:EXT:CENT +5.6E+006HZ
10 !FREQ:EXT:COMM +0
11 !FREQ:EXT:COMM:ADDR +18
12 !FREQ:EXT:MAX +2.2E+010HZ
13 !FREQ:EXT:MIN +0E+000HZ
14 !FREQ:EXT:MIRR OFF
15 !ROUT:REC IF
16 !SWE1:POIN +401
17 !SWE2:POIN +401
18 !DEM1 OFF
19 !DEM2 OFF
20 !DEM1:CARR:AUTO +1
21 !DEM2:CARR:AUTO +1
22 !DEM1:CARR:AUTO:PM PAFR
23 !DEM2:CARR:AUTO:PM PAFR
24 !DDEM:SRAT +2.43E+004HZ
25 !FREQ:STAR +9.99999999999996E-002HZ
26 !FREQ:STOP +1E+001HZ
27 !FREQ:BAS +0
28 !WIND HANN
29 !WIND:GATE HANN
30 !WIND:GATE:COUP OFF
31 !SWE1:TIME +4.04040404040404E+001S
32 !SWE2:TIME +4.04040404040404E+001S
33 !SWE1:TIME:DEL +0E+000S
34 !SWE2:TIME:DEL +0E+000S
35 !SWE1:TIME:GATE:DEL:STEP +0E+000S
36 !SWE2:TIME:GATE:DEL:STEP +0E+000S
37 !BAND:MODE:ARB +1
38 !BAND +3.7125E-002HZ
39 !BAND:AUTO:OFFS +0
40 !SWE1:TIME:RES:AUTO +0
41 !SWE2:TIME:RES:AUTO +0
42 !BAND:AUTO ON
43 !DDEM:SEAR:TIME +6.70781893004115E-003S
44 !DDEM:TIME +1.63E+002SYM
45 !DDEM:PRAT +10
46 !DDEM:SEAR:SYNC:OFFS +0SYM
47 !ARM:DEL +0E+000S
48 !ARM:LEV +0E+000V
49 !CORR1:LOSS:MAGN +1E+000
50 !CORR2:LOSS:MAGN +1E+000
51 !CORR1:IMP +1E+006OHM
52 !CORR2:IMP +1E+006OHM
53 !INP1 +0
54 !INP2 +1
55 !INP1:IMP +1E+006OHM
56 !INP2:IMP +1E+006OHM
57 !INP1:FILT +1
58 !INP2:FILT +1
59 !INP1:COUP DC
60 !INP2:COUP DC
61 !VOLT1:RANG +7.071E-003VRMS
62 !VOLT2:RANG -3.90102999566398E+001DBM
63 !VOLT1:RANG:UNIT:VOLT VRMS
64 !VOLT2:RANG:UNIT:VOLT DBM
65 !ARM:REG ABOV
66 !ARM:SOUR IMM
67 !CALC1:MATH:SEL F1
68 !CALC2:MATH:SEL F2
69 !CALC3:MATH:SEL F3
70 !CALC4:MATH:SEL F4
71 !CALC1:MATH:STAT +0
72 !CALC2:MATH:STAT +0
73 !CALC3:MATH:STAT +0
74 !CALC4:MATH:STAT +0
75 !CALC1:FEED "XFR:POW:PSD 2"
76 !CALC2:FEED "D1"
77 !CALC3:FEED "D2"
78 !CALC4:FEED "D3"
79 !CALC1:FORM MLOG
80 !CALC2:FORM MLOG
81 !CALC3:FORM MLOG
82 !CALC4:FORM MLOG
83 !CALC1:GDAP:APER +5E-001PCT
84 !CALC2:GDAP:APER +5E-001PCT
85 !CALC3:GDAP:APER +5E-001PCT
86 !CALC4:GDAP:APER +5E-001PCT
87 !CALC1:MARK:BAND:STAR +4.5E+006HZ
88 !CALC2:MARK:BAND:STAR +4.5E+006HZ
89 !CALC3:MARK:BAND:STAR +4.5E+006HZ
90 !CALC4:MARK:BAND:STAR +4.5E+006HZ
91 !CALC1:MARK:BAND:STOP +5.5E+006HZ
92 !CALC2:MARK:BAND:STOP +5.5E+006HZ
93 !CALC3:MARK:BAND:STOP +5.5E+006HZ
94 !CALC4:MARK:BAND:STOP +5.5E+006HZ
95 !CALC1:MARK:COUP +0
96 !CALC2:MARK:COUP +0
97 !CALC3:MARK:COUP +0
98 !CALC4:MARK:COUP +0
99 !CALC1:MARK:FCO +0
100 !CALC2:MARK:FCO +0
101 !CALC3:MARK:FCO +0
102 !CALC4:MARK:FCO +0
103 !CALC1:MARK:FUNC OFF
104 !CALC2:MARK:FUNC OFF
105 !CALC3:MARK:FUNC OFF
106 !CALC4:MARK:FUNC OFF
107 !CALC1:MARK:FUNC:STAT OFF
108 !CALC2:MARK:FUNC:STAT OFF
109 !CALC3:MARK:FUNC:STAT OFF
110 !CALC4:MARK:FUNC:STAT OFF
111 !CALC1:MARK:FUNC:STAT:PPCT +9.99899978637695E+001PCT
112 !CALC2:MARK:FUNC:STAT:PPCT +9.99899978637695E+001PCT
113 !CALC3:MARK:FUNC:STAT:PPCT +9.99899978637695E+001PCT
114 !CALC4:MARK:FUNC:STAT:PPCT +9.99899978637695E+001PCT
115 !CALC1:MARK:OFFS +0
116 !CALC2:MARK:OFFS +0
117 !CALC3:MARK:OFFS +0
118 !CALC4:MARK:OFFS +0
119 !CALC1:MARK:OFFS:X +0E+000HZ
120 !CALC2:MARK:OFFS:X +1E+002HZ
121 !CALC3:MARK:OFFS:X +1E+001HZ
122 !CALC4:MARK:OFFS:X +1E+001HZ
123 !CALC1:MARK:OFFS:Y +3.16227766016838E+001VRMS/RTHZ
124 !CALC2:MARK:OFFS:Y +0E+000DB
125 !CALC3:MARK:OFFS:Y +0E+000DB
126 !CALC4:MARK:OFFS:Y +0E+000DB
127 !CALC1:MARK:OFFS:Z +0E+000S
128 !CALC2:MARK:OFFS:Z +0E+000S
129 !CALC3:MARK:OFFS:Z +0E+000S
130 !CALC4:MARK:OFFS:Z +0E+000S
131 !CALC1:MARK:POL:UNIT:POW V
132 !CALC2:MARK:POL:UNIT:POW V
133 !CALC3:MARK:POL:UNIT:POW V
134 !CALC4:MARK:POL:UNIT:POW V
135 !CALC1:MARK:READ MPH
136 !CALC2:MARK:READ MPH
137 !CALC3:MARK:READ MPH
138 !CALC4:MARK:READ MPH
139 !CALC1:MARK:SEAR:TARG +3.16227766016838E+001VRMS/RTHZ
140 !CALC2:MARK:SEAR:TARG -3E+000DB
141 !CALC3:MARK:SEAR:TARG -3E+000DB
142 !CALC4:MARK:SEAR:TARG -3E+000DB
143 !CALC1:MARK +1
144 !CALC2:MARK +1
145 !CALC3:MARK +1
146 !CALC4:MARK +1
147 !CALC1:MARK:X +1E+001HZ
148 !CALC2:MARK:X +1E+002HZ
149 !CALC3:MARK:X +3.78775E+002HZ
150 !CALC4:MARK:X +3.78775E+002HZ
151 !CALC1:MARK:MAX:TRAC +0
152 !CALC2:MARK:MAX:TRAC +0
153 !CALC3:MARK:MAX:TRAC +0
154 !CALC4:MARK:MAX:TRAC +0
155 !CALC1:STAT +1
156 !CALC2:STAT +1
157 !CALC3:STAT +1
158 !CALC4:STAT +1
159 !CALC1:UNIT:POW VRMS/RTHZ
160 !CALC2:UNIT:POW DB
161 !CALC3:UNIT:POW DB
162 !CALC4:UNIT:POW DB
163 !CALC1:UPH:CREF +0E+000HZ
164 !CALC2:UPH:CREF +0E+000HZ
165 !CALC3:UPH:CREF +0E+000HZ
166 !CALC4:UPH:CREF +0E+000HZ
167 !CALC1:UPH:OFFS +0E+000DEG
168 !CALC2:UPH:OFFS +0E+000DEG
169 !CALC3:UPH:OFFS +0E+000DEG
170 !CALC4:UPH:OFFS +0E+000DEG
171 !CALC1:X:UNIT:FREQ HZ
172 !CALC2:X:UNIT:FREQ HZ
173 !CALC3:X:UNIT:FREQ HZ
174 !CALC4:X:UNIT:FREQ HZ
175 !DISP:ANN +1
176 !DISP:ENAB +1
177 !DISP:FORM SING
178 !DISP:MFUN +0
179 !DISP:PROG OFF
180 !DISP:TCAP:ENV +1
181 !DISP:WIND1:ACT +1
182 !DISP:WIND2:ACT +0
183 !DISP:WIND3:ACT +0
184 !DISP:WIND4:ACT +0
185 !DISP:WIND1:ACT +1
186 !DISP:WIND2:ACT +0
187 !DISP:WIND3:ACT +0
188 !DISP:WIND4:ACT +0
189 !DISP:WIND1:TRAC:DCAR +0
190 !DISP:WIND2:TRAC:DCAR +0
191 !DISP:WIND3:TRAC:DCAR +0
192 !DISP:WIND4:TRAC:DCAR +0
193 !DISP:WIND1:TRAC:EYE:COUN +2
194 !DISP:WIND2:TRAC:EYE:COUN +2
195 !DISP:WIND3:TRAC:EYE:COUN +2
196 !DISP:WIND4:TRAC:EYE:COUN +2
197 !DISP:WIND1:TRAC:GRAT:GRID +1
198 !DISP:WIND2:TRAC:GRAT:GRID +1
199 !DISP:WIND3:TRAC:GRAT:GRID +1
200 !DISP:WIND4:TRAC:GRAT:GRID +1
201 !DISP:WIND1:TRAC:IND CROS
202 !DISP:WIND2:TRAC:IND CROS
203 !DISP:WIND3:TRAC:IND CROS
204 !DISP:WIND4:TRAC:IND CROS
205 !DISP:WIND1:TRAC:IND:SIZE +15
206 !DISP:WIND2:TRAC:IND:SIZE +15
207 !DISP:WIND3:TRAC:IND:SIZE +15
208 !DISP:WIND4:TRAC:IND:SIZE +15
209 !DISP:WIND1:TRAC:INFO ""
210 !DISP:WIND2:TRAC:INFO ""
211 !DISP:WIND3:TRAC:INFO ""
212 !DISP:WIND4:TRAC:INFO ""
213 !DISP:WIND1:TRAC:LAB:USER "NOISE"
214 !DISP:WIND2:TRAC:LAB:USER ""
215 !DISP:WIND3:TRAC:LAB:USER ""
216 !DISP:WIND4:TRAC:LAB:USER ""
217 !DISP:WIND1:TRAC:LAB:AUTO +0
218 !DISP:WIND2:TRAC:LAB:AUTO +1
219 !DISP:WIND3:TRAC:LAB:AUTO +1
220 !DISP:WIND4:TRAC:LAB:AUTO +1
221 !DISP:WIND1:TRAC +1
222 !DISP:WIND2:TRAC +0
223 !DISP:WIND3:TRAC +0
224 !DISP:WIND4:TRAC +0
225 !DISP:WIND1:TRAC:SYMB DOTS
226 !DISP:WIND2:TRAC:SYMB BARS
227 !DISP:WIND3:TRAC:SYMB OFF
228 !DISP:WIND4:TRAC:SYMB OFF
229 !DISP:WIND1:TRAC:SYMB:FORM BIN
230 !DISP:WIND2:TRAC:SYMB:FORM BIN
231 !DISP:WIND3:TRAC:SYMB:FORM BIN
232 !DISP:WIND4:TRAC:SYMB:FORM BIN
233 !DISP:WIND1:TRAC:X:LEFT +2.5E+006HZ
234 !DISP:WIND2:TRAC:X:LEFT +2.5E+006HZ
235 !DISP:WIND3:TRAC:X:LEFT +2.5E+006HZ
236 !DISP:WIND4:TRAC:X:LEFT +2.5E+006HZ
237 !DISP:WIND1:TRAC:X:RIGH +7.5E+006HZ
238 !DISP:WIND2:TRAC:X:RIGH +7.5E+006HZ
239 !DISP:WIND3:TRAC:X:RIGH +7.5E+006HZ
240 !DISP:WIND4:TRAC:X:RIGH +7.5E+006HZ
241 !DISP:WIND1:TRAC:X:RLEV +3.16227766016838E-002VRMS/RTHZ
242 !DISP:WIND2:TRAC:X:RLEV +5E+001DB
243 !DISP:WIND3:TRAC:X:RLEV +5E+001DB
244 !DISP:WIND4:TRAC:X:RLEV +5E+001DB
245 !DISP:WIND1:TRAC:X:SPAC LOG
246 !DISP:WIND2:TRAC:X:SPAC LOG
247 !DISP:WIND3:TRAC:X:SPAC LOG
248 !DISP:WIND4:TRAC:X:SPAC LOG
249 !DISP:WIND1:TRAC:Y:RLIN +0
250 !DISP:WIND2:TRAC:Y:RLIN +0
251 !DISP:WIND3:TRAC:Y:RLIN +0
252 !DISP:WIND4:TRAC:Y:RLIN +0
253 !DISP:WIND1:TRAC:X:AUTO +1
254 !DISP:WIND2:TRAC:X:AUTO +1
255 !DISP:WIND3:TRAC:X:AUTO +1
256 !DISP:WIND4:TRAC:X:AUTO +1
257 !DISP:WIND1:TRAC:Y:AUTO +0
258 !DISP:WIND2:TRAC:Y:AUTO +0
259 !DISP:WIND3:TRAC:Y:AUTO +0
260 !DISP:WIND4:TRAC:Y:AUTO +0
261 !DISP:WIND1:TRAC:Y:PDIV +5E+000DB
262 !DISP:WIND2:TRAC:Y:PDIV +5E+000DB
263 !DISP:WIND3:TRAC:Y:PDIV +1E+001DB
264 !DISP:WIND4:TRAC:Y:PDIV +5E+000DB
265 !DISP:WIND1:TRAC:Y:RLEV +3.16227766016838E-002VRMS/RTHZ
266 !DISP:WIND2:TRAC:Y:RLEV +5E+001DB
267 !DISP:WIND3:TRAC:Y:RLEV +5E+001DB
268 !DISP:WIND4:TRAC:Y:RLEV +5E+001DB
269 !DISP:WIND1:TRAC:Y:RLEV:AUTO +0
270 !DISP:WIND2:TRAC:Y:RLEV:AUTO +0
271 !DISP:WIND3:TRAC:Y:RLEV:AUTO +0
272 !DISP:WIND4:TRAC:Y:RLEV:AUTO +0
273 !DISP:WIND1:TRAC:Y:RPOS +1E+002PCT
274 !DISP:WIND2:TRAC:Y:RPOS +1E+002PCT
275 !DISP:WIND3:TRAC:Y:RPOS +1E+002PCT
276 !DISP:WIND4:TRAC:Y:RPOS +1E+002PCT
277 !OUTP:FILT +0
278 !OUTP:IMP +5E+001
279 !OUTP +0
280 !AVER:COUN +1000
281 !AVER:IRES:RATE +1
282 !AVER:IRES +1
283 !AVER +1
284 !AVER:TCON EXP
285 !AVER:TYPE RMS
286 !CORR1:EDEL +0E+000S
287 !CORR2:EDEL +0E+000S
288 !CORR1:EXT +0
289 !CORR2:EXT +0
290 !CORR1:FILT:XTIM:STAT +0
291 !CORR2:FILT:XTIM:STAT +0
292 !CORR1:OFFS +0E+000V
293 !CORR2:OFFS +0E+000V
294 !DDEM:ADAP +1
295 !DDEM:CLOC +0E+000SYM
296 !DDEM:CNVR +1E-007
297 !DDEM:DVBQ:NST +16
298 !DDEM:EDGE:FORM NOFL
299 !DDEM:EQFL +2.1E+001SYM
300 !DDEM:EQU +0
301 !DDEM:FILT:ALPH +3.5E-001
302 !DDEM:FILT:MEAS RRC
303 !DDEM:FILT:MEAS:USER:FEED "D1"
304 !DDEM:FILT:REF RCOS
305 !DDEM:FILT:REF:USER:FEED "D1"
306 !DDEM:FREQ:MIRR +0
307 !DDEM:FSK:NST +2
308 !DDEM:MSK:FORM TYP1
309 !DDEM:NORM +1
310 !DDEM:PSK:NST +2
311 !DDEM:QAM:NST +16
312 !DDEM:QPSK:FORM DPI4
313 !DDEM:SEAR:PULS:STAT +0
314 !DDEM:SEAR:SYNC:PATT ""
315 !DDEM:SEAR:SYNC:STAT +0
316 !DDEM:VSB:NST +8
317 !DET SAMP
318 !FEED "INP"
319 !FREQ:CENT:TRAC OFF
320 !FREQ:MAN +5E+006HZ
321 !FREQ:SPAN:PCH EXAC
322 !FREQ:STEP:AUTO +1,
323 !FREQ:STEP +1E+003HZ
324 !SWE1:MODE AUTO
325 !SWE2:MODE AUTO
326 !SWE1:OVER +1E+001PCT
327 !SWE2:OVER +1E+001PCT
328 !SWE1:TIME:GATE:DEL +0E+000S
329 !SWE2:TIME:GATE:DEL +0E+000S
330 !SWE1:TIME:GATE +5.5239898989899E-002S
331 !SWE2:TIME:GATE +5.5239898989899E-002S
332 !SWE1:TIME:GATE:STAT +0
333 !SWE2:TIME:GATE:STAT +0
334 !SWE1:TIME:OVER +9.8E+001PCT
335 !SWE2:TIME:OVER +9.8E+001PCT
336 !TCAP1:DIR FORW
337 !TCAP2:DIR FORW
338 !TCAP1:LENG +1.657193472E+004POINTS
339 !TCAP2:LENG +1.657193472E+004POINTS
340 !TCAP1:STAR +0E+000S
341 !TCAP2:STAR +0E+000S
342 !TCAP1:STOP +0E+000S
343 !TCAP2:STOP +0E+000S
344 !SOUR:RF +1
345 !SOUR:AM:STAT +0
346 !SOUR:FREQ +2.7E+004HZ
347 !SOUR:FREQ:OFFS +0E+000HZ
348 !SOUR:FUNC PCH
349 !SOUR:FUNC:USER:FEED "D1"
350 !SOUR:IFIN:STAT +0
351 !SOUR:USER:REP +1
352 !SOUR:VOLT -3.50000000000054E+001DBM
353 !SOUR:VOLT:OFFS +0E+000V
354 !SOUR:VOLT:UNIT:VOLT DBM
355 !TRIG:HOLD:DEL +0E+000S
356 !TRIG:HOLD:STAT +0
357 !TRIG:SOUR IMM
358 !TRIG:LEV +0E+000V
359 !TRIG:SLOP POS
360 !INIT:CONT +1
361 !CAL:ZERO:AUTO +1
362 !VOLT1:RANG:AUTO:DIR EITH
363 !VOLT2:RANG:AUTO:DIR EITH
364 !VOLT1:RANG:AUTO +0
365 !VOLT2:RANG:AUTO +0
366 !CAL:AUTO +1
367 !SYST:GPIB:ECHO +0
368 !CONT 
